<?xml version="1.0" encoding="UTF-8"?>
<testsuite xmlns:xsi="http://www.w3.org/2001/XMLSchema-instance" xsi:noNamespaceSchemaLocation="https://maven.apache.org/surefire/maven-failsafe-plugin/xsd/failsafe-test-report-3.0.xsd" version="3.0" name="As user I want to get information about books" time="10.132" tests="1" errors="1" skipped="0" failures="0">
  <properties>
[...]
</properties>
  <testcase name="GET - As user I want to get information about books without authorized" classname="As user I want to get information about books" time="10.132">
    <error message="java.util.ArrayList cannot be cast to java.lang.String" type="java.lang.ClassCastException"><![CDATA[java.lang.ClassCastException: java.util.ArrayList cannot be cast to java.lang.String
]]></error>
    <system-out><![CDATA[20:31:30.630 [pool-2-thread-1] INFO io.cucumber.core.plugin.SerenityReporter - Running feature from file:///C:/Users/Ocky/Documents/QE_Ocky-Princella/18_RESTful%20API%20Testing%20with%20Test%20Assured/praktikum/src/test/resources/features/books.feature

20:31:31.010 [pool-2-thread-1] INFO  - 

-------------------------------------------------------------------------------------
     _______. _______ .______       _______ .__   __.  __  .___________.____    ____ 
    /       ||   ____||   _  \     |   ____||  \ |  | |  | |           |\   \  /   / 
   |   (----`|  |__   |  |_)  |    |  |__   |   \|  | |  | `---|  |----` \   \/   /  
    \   \    |   __|  |      /     |   __|  |  . `  | |  |     |  |       \_    _/   
.----)   |   |  |____ |  |\  \----.|  |____ |  |\   | |  |     |  |         |  |     
|_______/    |_______|| _| `._____||_______||__| \__| |__|     |__|         |__|    
                                                                                     
 News and tutorials at http://www.serenity-bdd.info                                  
 Documentation at https://wakaleo.gitbooks.io/the-serenity-book/content/             
 Join the Serenity Community on Gitter: https://gitter.im/serenity-bdd/serenity-core 
 Serenity BDD Support and Training at http://serenity-bdd.info/#/trainingandsupport  
-------------------------------------------------------------------------------------


20:31:31.016 [pool-2-thread-1] DEBUG net.thucydides.core.steps.StepEventBus - Test suite started for story net.thucydides.core.model.Story@6bfb7680

20:31:31.020 [pool-2-thread-1] INFO  - Test Suite Started: As user I want to get information about books

20:31:31.059 [pool-2-thread-1] INFO io.cucumber.core.plugin.SerenityReporter - Running feature from file:///C:/Users/Ocky/Documents/QE_Ocky-Princella/18_RESTful%20API%20Testing%20with%20Test%20Assured/praktikum/src/test/resources/features/user.feature

20:31:31.068 [pool-2-thread-1] DEBUG net.thucydides.core.steps.StepEventBus - Test suite started for story net.thucydides.core.model.Story@764d2260

20:31:31.069 [pool-2-thread-1] INFO  - Test Suite Started: As admin I want to make new account

20:31:41.207 [pool-2-thread-1] ERROR  - 
  _____   ___   ___   _____     ___   ___   ___    ___    ___ 
 |_   _| | __| / __| |_   _|   | __| | _ \ | _ \  / _ \  | _ \
   | |   | _|  \__ \   | |     | _|  |   / |   / | (_) | |   /
   |_|   |___| |___/   |_|     |___| |_|_\ |_|_\  \___/  |_|_\

GET - As user I want to get information about books without authorized
---------------------------------------------------------------

20:31:41.213 [pool-2-thread-1] DEBUG  - RELATED ISSUES: 

20:31:41.349 [pool-2-thread-1] ERROR  -     Test failed at step: validate ISBN and Title

20:31:41.350 [pool-2-thread-1] ERROR  -     java.util.ArrayList cannot be cast to java.lang.String



&amp#27;[31mFailed scenarios:&amp#27;[0m


file:///C:/Users/Ocky/Documents/QE_Ocky-Princella/18_RESTful%20API%20Testing%20with%20Test%20Assured/praktikum/src/test/resources/features/books.feature:4 # GET - As user I want to get information about books without authorized




1
 Scenarios (
&amp#27;[31m1 failed&amp#27;[0m
)


4
 Steps (
&amp#27;[31m1 failed&amp#27;[0m
, 
&amp#27;[32m3 passed&amp#27;[0m
)


0m
10.751s






java.lang.ClassCastException: java.util.ArrayList cannot be cast to java.lang.String


	at stater.kumpulan.kumpulan.validateISBNandTitle(kumpulan.java:58)


	at stater.kumpulan.kumpulan$ByteBuddy$Nr8ej4Iv.validateISBNandTitle$accessor$kPVPNY7O(Unknown Source)


	at sun.reflect.NativeMethodAccessorImpl.invoke0(Native Method)


	at sun.reflect.NativeMethodAccessorImpl.invoke(NativeMethodAccessorImpl.java:62)


	at sun.reflect.DelegatingMethodAccessorImpl.invoke(DelegatingMethodAccessorImpl.java:43)


	at java.lang.reflect.Method.invoke(Method.java:498)


	at net.thucydides.core.steps.StepInterceptor.invokeMethod(StepInterceptor.java:492)


	at net.thucydides.core.steps.StepInterceptor.executeTestStepMethod(StepInterceptor.java:472)


	at net.thucydides.core.steps.StepInterceptor.runTestStep(StepInterceptor.java:445)


	at net.thucydides.core.steps.StepInterceptor.runOrSkipMethod(StepInterceptor.java:201)


	at net.thucydides.core.steps.StepInterceptor.testStepResult(StepInterceptor.java:188)


	at net.thucydides.core.steps.StepInterceptor.intercept(StepInterceptor.java:76)


	at net.thucydides.core.steps.ProxyConfiguration$InterceptorDispatcher.intercept(ProxyConfiguration.java:51)


	at stater.kumpulan.kumpulan$ByteBuddy$Nr8ej4Iv.validateISBNandTitle(Unknown Source)


	at stater.stepdefinitions.bookSteps.validateISBNandTitle(bookSteps.java:30)


	at ?.validate ISBN and Title(file:///C:/Users/Ocky/Documents/QE_Ocky-Princella/18_RESTful%20API%20Testing%20with%20Test%20Assured/praktikum/src/test/resources/features/books.feature:8)






20:31:41.385 [pool-2-thread-1] DEBUG net.thucydides.core.reports.ReportService - Reporting formats: [JSON, HTML]

20:31:41.549 [pool-2-thread-1] DEBUG net.thucydides.core.reports.ReportService - Reporting formats: [JSON, HTML]

20:31:41.575 [pool-2-thread-1] DEBUG net.thucydides.core.reports.ReportService - Generating reports for 1 test outcomes using: net.thucydides.core.reports.json.JSONTestOutcomeReporter@67e0d096

20:31:41.577 [pool-2-thread-1] DEBUG net.thucydides.core.reports.ReportService - Processing test outcome As user I want to get information about books:GET - As user I want to get information about books without authorized

20:31:41.577 [pool-2-thread-1] INFO net.thucydides.core.reports.ReportService - net.thucydides.core.reports.json.JSONTestOutcomeReporter@67e0d096: Generating report for test outcome: As user I want to get information about books:GET - As user I want to get information about books without authorized

20:31:41.596 [pool-2-thread-1] DEBUG net.thucydides.core.reports.json.JSONTestOutcomeReporter - Generating JSON report for GET - As user I want to get information about books without authorized to file C:\Users\Ocky\Documents\QE_Ocky-Princella\18_RESTful API Testing with Test Assured\praktikum\target\site\serenity\e1d487745e86be464445bfb8f2a51bda9bce5526e5a1b3dc59883357a1768340.json (using temp file C:\Users\Ocky\Documents\QE_Ocky-Princella\18_RESTful API Testing with Test Assured\praktikum\target\site\serenity\e1d487745e86be464445bfb8f2a51bda9bce5526e5a1b3dc59883357a1768340.jsonfa47f80a-a480-4277-9c18-e1126c4af766)

20:31:41.658 [pool-2-thread-1] DEBUG net.thucydides.core.reports.ReportService - Processing test outcome As user I want to get information about books:GET - As user I want to get information about books without authorized done

20:31:41.658 [pool-2-thread-1] DEBUG net.thucydides.core.reports.ReportService - Shutting down executor service

20:31:41.658 [pool-2-thread-1] DEBUG net.thucydides.core.reports.ReportService - Reports generated in: 83 ms

20:31:41.659 [pool-2-thread-1] DEBUG net.thucydides.core.reports.ReportService - Generating reports for 1 test outcomes using: net.thucydides.core.reports.html.HtmlAcceptanceTestReporter@6ec35a81

20:31:41.660 [pool-3-thread-1] DEBUG net.thucydides.core.reports.ReportService - Processing test outcome As user I want to get information about books:GET - As user I want to get information about books without authorized

20:31:41.660 [pool-3-thread-1] INFO net.thucydides.core.reports.ReportService - net.thucydides.core.reports.html.HtmlAcceptanceTestReporter@6ec35a81: Generating report for test outcome: As user I want to get information about books:GET - As user I want to get information about books without authorized

20:31:41.698 [pool-3-thread-1] DEBUG net.thucydides.core.requirements.model.cucumber.CucumberParser - Added feature As user I want to get information about books

20:31:41.709 [pool-3-thread-1] DEBUG net.thucydides.core.requirements.model.cucumber.CucumberParser - Added feature As admin I want to make new account

20:31:41.720 [pool-3-thread-1] DEBUG net.thucydides.core.requirements.BaseRequirementsService - Requirement found for test outcome GET - As user I want to get information about books without authorized-[]: Optional[Requirement{name='As user I want to get information about books', type='feature' parent = 'null', cardNumber='null'}]

20:31:41.724 [pool-3-thread-1] DEBUG net.thucydides.core.requirements.BaseRequirementsService - Requirement found for test outcome GET - As user I want to get information about books without authorized-[]: Optional[Requirement{name='As user I want to get information about books', type='feature' parent = 'null', cardNumber='null'}]

20:31:42.820 [pool-3-thread-1] DEBUG serenity.reporting - Generating report in e1d487745e86be464445bfb8f2a51bda9bce5526e5a1b3dc59883357a1768340.html

20:31:43.710 [pool-3-thread-1] DEBUG serenity.reporting - Generated report e1d487745e86be464445bfb8f2a51bda9bce5526e5a1b3dc59883357a1768340.html in 890 ms

20:31:43.710 [pool-3-thread-1] DEBUG net.thucydides.core.reports.ReportService - Processing test outcome As user I want to get information about books:GET - As user I want to get information about books without authorized done

20:31:43.710 [pool-2-thread-1] DEBUG net.thucydides.core.reports.ReportService - Shutting down executor service

20:31:43.711 [pool-2-thread-1] DEBUG net.thucydides.core.reports.ReportService - Reports generated in: 2052 ms

20:31:44.036 [pool-2-thread-1] INFO io.cucumber.core.plugin.SerenityReporter - Cleanup test resources for URI file:///C:/Users/Ocky/Documents/QE_Ocky-Princella/18_RESTful%20API%20Testing%20with%20Test%20Assured/praktikum/src/test/resources/features/books.feature


@coba
Scenario: GET - As user I want to get information about books without authorized &amp#27;[90m# src/test/resources/features/books.feature:4&amp#27;[0m
20:31:31.415 [pool-2-thread-1] INFO io.cucumber.core.plugin.SerenityReporter - Running feature from file:///C:/Users/Ocky/Documents/QE_Ocky-Princella/18_RESTful%20API%20Testing%20with%20Test%20Assured/praktikum/src/test/resources/features/books.feature
20:31:31.608 [pool-2-thread-1] INFO  - 
  _____   ___   ___   _____     ___   _____     _     ___   _____   ___   ___  
 |_   _| | __| / __| |_   _|   / __| |_   _|   /_\   | _ \ |_   _| | __| |   \ 
   | |   | _|  \__ \   | |     \__ \   | |    / _ \  |   /   | |   | _|  | |) |
   |_|   |___| |___/   |_|     |___/   |_|   /_/ \_\ |_|_\   |_|   |___| |___/ 

GET - As user I want to get information about books without authorized(as-user-i-want-to-get-information-about-books;get---as-user-i-want-to-get-information-about-books-without-authorized)
--------------------------------------------------------------------------------
20:31:31.738 [pool-2-thread-1] DEBUG net.thucydides.core.requirements.model.cucumber.CucumberParser - Added feature As user I want to get information about books
20:31:31.758 [pool-2-thread-1] DEBUG net.thucydides.core.requirements.model.cucumber.CucumberParser - Added feature As admin I want to make new account
20:31:32.527 [pool-2-thread-1] DEBUG net.thucydides.core.steps.StepInterceptor - STARTING STEP: bookSteps.userGetApiEndpoint - user get API endpoint
20:31:32.536 [pool-2-thread-1] DEBUG net.thucydides.core.steps.StepInterceptor - STEP DONE: user get API endpoint
  &amp#27;[32mGiven &amp#27;[0m&amp#27;[32muser get API endpoint&amp#27;[0m                                                    &amp#27;[90m# stater.stepdefinitions.bookSteps.userGetApiEndpoint()&amp#27;[0m
20:31:32.564 [pool-2-thread-1] DEBUG net.thucydides.core.steps.StepInterceptor - STARTING STEP: bookSteps.userSendGetHTTPRequest - user send Get HTTP request
20:31:35.575 [pool-2-thread-1] DEBUG net.thucydides.core.steps.StepInterceptor - STARTING STEP: kumpulan.userSendGetHTTPRequest - user get API endpoint
20:31:35.576 [pool-2-thread-1] DEBUG net.thucydides.core.steps.StepInterceptor - STEP DONE: user get API endpoint
20:31:39.617 [pool-2-thread-1] DEBUG net.thucydides.core.steps.StepInterceptor - STEP DONE: user send Get HTTP request
  &amp#27;[32mWhen &amp#27;[0m&amp#27;[32muser send Get HTTP request&amp#27;[0m                                                &amp#27;[90m# stater.stepdefinitions.bookSteps.userSendGetHTTPRequest()&amp#27;[0m
20:31:39.627 [pool-2-thread-1] DEBUG net.thucydides.core.steps.StepInterceptor - STARTING STEP: bookSteps.validHTTPResponse200 - user receive valid HTTP response code 200
20:31:39.720 [pool-2-thread-1] DEBUG net.thucydides.core.steps.StepInterceptor - STEP DONE: user receive valid HTTP response code 200
  &amp#27;[32mThen &amp#27;[0m&amp#27;[32muser receive valid HTTP response code 200&amp#27;[0m                                 &amp#27;[90m# stater.stepdefinitions.bookSteps.validHTTPResponse200()&amp#27;[0m
20:31:39.730 [pool-2-thread-1] DEBUG net.thucydides.core.steps.StepInterceptor - STARTING STEP: bookSteps.validateISBNandTitle - validate ISBN and Title
  &amp#27;[31mAnd &amp#27;[0m&amp#27;[31mvalidate ISBN and Title&amp#27;[0m                                                    &amp#27;[90m# stater.stepdefinitions.bookSteps.validateISBNandTitle()&amp#27;[0m
      &amp#27;[31mjava.lang.ClassCastException: java.util.ArrayList cannot be cast to java.lang.String
	at stater.kumpulan.kumpulan.validateISBNandTitle(kumpulan.java:58)
	at stater.kumpulan.kumpulan$ByteBuddy$Nr8ej4Iv.validateISBNandTitle$accessor$kPVPNY7O(Unknown Source)
	at sun.reflect.NativeMethodAccessorImpl.invoke0(Native Method)
	at sun.reflect.NativeMethodAccessorImpl.invoke(NativeMethodAccessorImpl.java:62)
	at sun.reflect.DelegatingMethodAccessorImpl.invoke(DelegatingMethodAccessorImpl.java:43)
	at java.lang.reflect.Method.invoke(Method.java:498)
	at net.thucydides.core.steps.StepInterceptor.invokeMethod(StepInterceptor.java:492)
	at net.thucydides.core.steps.StepInterceptor.executeTestStepMethod(StepInterceptor.java:472)
	at net.thucydides.core.steps.StepInterceptor.runTestStep(StepInterceptor.java:445)
	at net.thucydides.core.steps.StepInterceptor.runOrSkipMethod(StepInterceptor.java:201)
	at net.thucydides.core.steps.StepInterceptor.testStepResult(StepInterceptor.java:188)
	at net.thucydides.core.steps.StepInterceptor.intercept(StepInterceptor.java:76)
	at net.thucydides.core.steps.ProxyConfiguration$InterceptorDispatcher.intercept(ProxyConfiguration.java:51)
	at stater.kumpulan.kumpulan$ByteBuddy$Nr8ej4Iv.validateISBNandTitle(Unknown Source)
	at stater.stepdefinitions.bookSteps.validateISBNandTitle(bookSteps.java:30)
	at âœ½.validate ISBN and Title(file:///C:/Users/Ocky/Documents/QE_Ocky-Princella/18_RESTful%20API%20Testing%20with%20Test%20Assured/praktikum/src/test/resources/features/books.feature:8)
&amp#27;[0m
]]></system-out>
  </testcase>
</testsuite>