<?xml version="1.0" encoding="UTF-8"?>
<testsuite xmlns:xsi="http://www.w3.org/2001/XMLSchema-instance" xsi:noNamespaceSchemaLocation="https://maven.apache.org/surefire/maven-failsafe-plugin/xsd/failsafe-test-report-3.0.xsd" version="3.0" name="CucumberTestSuite" time="14.495" tests="6" errors="0" skipped="0" failures="0">
  <properties>
[...]
</properties>
  <testcase name="As user I can change my photo successfully" classname="change photo" time="1.72">
    <system-out><![CDATA[21:08:53.652 [main] INFO io.cucumber.core.plugin.SerenityReporter - Running feature from file:///C:/Users/Ocky/Documents/QE_Ocky-Princella/17_Behaviour%20Driven%20Development/praktikum/BDD/src/test/resources/features/changephoto.feature
21:08:54.125 [main] INFO  - 

-------------------------------------------------------------------------------------
     _______. _______ .______       _______ .__   __.  __  .___________.____    ____ 
    /       ||   ____||   _  \     |   ____||  \ |  | |  | |           |\   \  /   / 
   |   (----`|  |__   |  |_)  |    |  |__   |   \|  | |  | `---|  |----` \   \/   /  
    \   \    |   __|  |      /     |   __|  |  . `  | |  |     |  |       \_    _/   
.----)   |   |  |____ |  |\  \----.|  |____ |  |\   | |  |     |  |         |  |     
|_______/    |_______|| _| `._____||_______||__| \__| |__|     |__|         |__|    
                                                                                     
 News and tutorials at http://www.serenity-bdd.info                                  
 Documentation at https://wakaleo.gitbooks.io/the-serenity-book/content/             
 Join the Serenity Community on Gitter: https://gitter.im/serenity-bdd/serenity-core 
 Serenity BDD Support and Training at http://serenity-bdd.info/#/trainingandsupport  
-------------------------------------------------------------------------------------

21:08:54.130 [main] DEBUG net.thucydides.core.steps.StepEventBus - Test suite started for story net.thucydides.core.model.Story@c9f3a55
21:08:54.138 [main] INFO  - Test Suite Started: change photo
21:08:54.179 [main] INFO io.cucumber.core.plugin.SerenityReporter - Running feature from file:///C:/Users/Ocky/Documents/QE_Ocky-Princella/17_Behaviour%20Driven%20Development/praktikum/BDD/src/test/resources/features/login.feature
21:08:54.188 [main] DEBUG net.thucydides.core.steps.StepEventBus - Test suite started for story net.thucydides.core.model.Story@f388ff28
21:08:54.196 [main] INFO  - Test Suite Started: Login
21:08:54.196 [main] INFO io.cucumber.core.plugin.SerenityReporter - Running feature from file:///C:/Users/Ocky/Documents/QE_Ocky-Princella/17_Behaviour%20Driven%20Development/praktikum/BDD/src/test/resources/features/posting.feature
21:08:54.203 [main] DEBUG net.thucydides.core.steps.StepEventBus - Test suite started for story net.thucydides.core.model.Story@53af1a72
21:08:54.204 [main] INFO  - Test Suite Started: Posting text
21:08:54.204 [main] INFO io.cucumber.core.plugin.SerenityReporter - Running feature from file:///C:/Users/Ocky/Documents/QE_Ocky-Princella/17_Behaviour%20Driven%20Development/praktikum/BDD/src/test/resources/features/search.feature
21:08:54.213 [main] DEBUG net.thucydides.core.steps.StepEventBus - Test suite started for story net.thucydides.core.model.Story@62191808
21:08:54.215 [main] INFO  - Test Suite Started: Search
21:08:54.217 [main] INFO io.cucumber.core.plugin.SerenityReporter - Running feature from file:///C:/Users/Ocky/Documents/QE_Ocky-Princella/17_Behaviour%20Driven%20Development/praktikum/BDD/src/test/resources/features/changephoto.feature
21:08:54.223 [main] DEBUG net.thucydides.core.steps.StepEventBus - Test suite started for story net.thucydides.core.model.Story@c9f3a55
21:08:54.224 [main] INFO  - Test Suite Started: change photo

Scenario: As user I can change my photo successfully &amp#27;[90m# src/test/resources/features/changephoto.feature:6&amp#27;[0m
21:08:54.590 [main] INFO io.cucumber.core.plugin.SerenityReporter - Running feature from file:///C:/Users/Ocky/Documents/QE_Ocky-Princella/17_Behaviour%20Driven%20Development/praktikum/BDD/src/test/resources/features/changephoto.feature
21:08:54.828 [main] INFO  - 
  _____   ___   ___   _____     ___   _____     _     ___   _____   ___   ___  
 |_   _| | __| / __| |_   _|   / __| |_   _|   /_\   | _ \ |_   _| | __| |   \ 
   | |   | _|  \__ \   | |     \__ \   | |    / _ \  |   /   | |   | _|  | |) |
   |_|   |___| |___/   |_|     |___/   |_|   /_/ \_\ |_|_\   |_|   |___| |___/ 

As user I can change my photo successfully(change-photo;as-user-i-can-change-my-photo-successfully)
--------------------------------------------------------------------------------
21:08:55.827 [main] DEBUG net.thucydides.core.steps.StepInterceptor - STARTING STEP: changePhoto.onProfilePage - I am on profile page
Sudah berada di halaman profil
21:08:55.836 [main] DEBUG net.thucydides.core.steps.StepInterceptor - STEP DONE: I am on profile page
  &amp#27;[32mGiven &amp#27;[0m&amp#27;[32mI am on profile page&amp#27;[0m                         &amp#27;[90m# stepdefinitions.changePhoto.onProfilePage()&amp#27;[0m
21:08:55.868 [main] DEBUG net.thucydides.core.steps.StepInterceptor - STARTING STEP: changePhoto.clickMyPhoto - I click my photo
Klik my photo
21:08:55.868 [main] DEBUG net.thucydides.core.steps.StepInterceptor - STEP DONE: I click my photo
  &amp#27;[32mWhen &amp#27;[0m&amp#27;[32mI click my photo&amp#27;[0m                              &amp#27;[90m# stepdefinitions.changePhoto.clickMyPhoto()&amp#27;[0m
21:08:55.882 [main] DEBUG net.thucydides.core.steps.StepInterceptor - STARTING STEP: changePhoto.clickAddedPhoto - I click added photo
klik add photo
21:08:55.883 [main] DEBUG net.thucydides.core.steps.StepInterceptor - STEP DONE: I click added photo
  &amp#27;[32mAnd &amp#27;[0m&amp#27;[32mI click added photo&amp#27;[0m                            &amp#27;[90m# stepdefinitions.changePhoto.clickAddedPhoto()&amp#27;[0m
21:08:55.892 [main] DEBUG net.thucydides.core.steps.StepInterceptor - STARTING STEP: changePhoto.clickUploadPhoto - I click upload photo
klik upload foto
21:08:55.892 [main] DEBUG net.thucydides.core.steps.StepInterceptor - STEP DONE: I click upload photo
  &amp#27;[32mAnd &amp#27;[0m&amp#27;[32mI click upload photo&amp#27;[0m                           &amp#27;[90m# stepdefinitions.changePhoto.clickUploadPhoto()&amp#27;[0m
21:08:55.900 [main] DEBUG net.thucydides.core.steps.StepInterceptor - STARTING STEP: changePhoto.folderDisplayed - my folder is displayed
my folder tampil
21:08:55.901 [main] DEBUG net.thucydides.core.steps.StepInterceptor - STEP DONE: my folder is displayed
  &amp#27;[32mThen &amp#27;[0m&amp#27;[32mmy folder is displayed&amp#27;[0m                        &amp#27;[90m# stepdefinitions.changePhoto.folderDisplayed()&amp#27;[0m
21:08:55.909 [main] DEBUG net.thucydides.core.steps.StepInterceptor - STARTING STEP: changePhoto.clickPhoto - I click photo
klik foto
21:08:55.910 [main] DEBUG net.thucydides.core.steps.StepInterceptor - STEP DONE: I click photo
  &amp#27;[32mAnd &amp#27;[0m&amp#27;[32mI click photo&amp#27;[0m                                  &amp#27;[90m# stepdefinitions.changePhoto.clickPhoto()&amp#27;[0m
21:08:55.919 [main] DEBUG net.thucydides.core.steps.StepInterceptor - STARTING STEP: changePhoto.clickOpenButton - I click open button
klik open button
21:08:55.920 [main] DEBUG net.thucydides.core.steps.StepInterceptor - STEP DONE: I click open button
  &amp#27;[32mAnd &amp#27;[0m&amp#27;[32mI click open button&amp#27;[0m                            &amp#27;[90m# stepdefinitions.changePhoto.clickOpenButton()&amp#27;[0m
21:08:55.928 [main] DEBUG net.thucydides.core.steps.StepInterceptor - STARTING STEP: changePhoto.clickSavePhoto - i click save photo
klik save foto
21:08:55.929 [main] DEBUG net.thucydides.core.steps.StepInterceptor - STEP DONE: i click save photo
  &amp#27;[32mAnd &amp#27;[0m&amp#27;[32mi click save photo&amp#27;[0m                             &amp#27;[90m# stepdefinitions.changePhoto.clickSavePhoto()&amp#27;[0m
21:08:55.938 [main] INFO  - 
  _____   ___   ___   _____     ___     _     ___   ___   ___   ___  
 |_   _| | __| / __| |_   _|   | _ \   /_\   / __| / __| | __| |   \ 
   | |   | _|  \__ \   | |     |  _/  / _ \  \__ \ \__ \ | _|  | |) |
   |_|   |___| |___/   |_|     |_|   /_/ \_\ |___/ |___/ |___| |___/ 

As user I can change my photo successfully
----------------------------------------------------------------------
]]></system-out>
  </testcase>
  <testcase name="As user I can login successfully" classname="Login" time="0.118">
    <system-out><![CDATA[21:08:55.958 [main] INFO io.cucumber.core.plugin.SerenityReporter - Running feature from file:///C:/Users/Ocky/Documents/QE_Ocky-Princella/17_Behaviour%20Driven%20Development/praktikum/BDD/src/test/resources/features/login.feature
21:08:55.966 [main] DEBUG net.thucydides.core.steps.StepEventBus - Test suite started for story net.thucydides.core.model.Story@f388ff28
21:08:55.969 [main] INFO  - Test Suite Started: Login

Scenario: As user I can login successfully          &amp#27;[90m# src/test/resources/features/login.feature:6&amp#27;[0m
21:08:56.005 [main] INFO io.cucumber.core.plugin.SerenityReporter - Running feature from file:///C:/Users/Ocky/Documents/QE_Ocky-Princella/17_Behaviour%20Driven%20Development/praktikum/BDD/src/test/resources/features/login.feature
21:08:56.010 [main] INFO  - 
  _____   ___   ___   _____     ___   _____     _     ___   _____   ___   ___  
 |_   _| | __| / __| |_   _|   / __| |_   _|   /_\   | _ \ |_   _| | __| |   \ 
   | |   | _|  \__ \   | |     \__ \   | |    / _ \  |   /   | |   | _|  | |) |
   |_|   |___| |___/   |_|     |___/   |_|   /_/ \_\ |_|_\   |_|   |___| |___/ 

As user I can login successfully(login;as-user-i-can-login-successfully)
--------------------------------------------------------------------------------
21:08:56.036 [main] DEBUG net.thucydides.core.steps.StepInterceptor - STARTING STEP: LoginSteps.onTheLoginPage - I am on login page
Sudah di halaman login
21:08:56.037 [main] DEBUG net.thucydides.core.steps.StepInterceptor - STEP DONE: I am on login page
  &amp#27;[32mGiven &amp#27;[0m&amp#27;[32mI am on login page&amp#27;[0m                          &amp#27;[90m# stepdefinitions.LoginSteps.onTheLoginPage()&amp#27;[0m
21:08:56.055 [main] DEBUG net.thucydides.core.steps.StepInterceptor - STARTING STEP: LoginSteps.entervalidusernamepassword - I enter my valid username and valid password
valid username dan password
21:08:56.056 [main] DEBUG net.thucydides.core.steps.StepInterceptor - STEP DONE: I enter my valid username and valid password
  &amp#27;[32mWhen &amp#27;[0m&amp#27;[32mI enter my valid username and valid password&amp#27;[0m &amp#27;[90m# stepdefinitions.LoginSteps.entervalidusernamepassword()&amp#27;[0m
21:08:56.064 [main] DEBUG net.thucydides.core.steps.StepInterceptor - STARTING STEP: LoginSteps.clickLoginButton - I click login button
klik login button
21:08:56.065 [main] DEBUG net.thucydides.core.steps.StepInterceptor - STEP DONE: I click login button
  &amp#27;[32mAnd &amp#27;[0m&amp#27;[32mI click login button&amp#27;[0m                          &amp#27;[90m# stepdefinitions.LoginSteps.clickLoginButton()&amp#27;[0m
21:08:56.074 [main] DEBUG net.thucydides.core.steps.StepInterceptor - STARTING STEP: LoginSteps.onMyHome - I am on my home
home
21:08:56.074 [main] DEBUG net.thucydides.core.steps.StepInterceptor - STEP DONE: I am on my home
  &amp#27;[32mThen &amp#27;[0m&amp#27;[32mI am on my home&amp#27;[0m                              &amp#27;[90m# stepdefinitions.LoginSteps.onMyHome()&amp#27;[0m
21:08:56.092 [main] INFO  - 
  _____   ___   ___   _____     ___     _     ___   ___   ___   ___  
 |_   _| | __| / __| |_   _|   | _ \   /_\   / __| / __| | __| |   \ 
   | |   | _|  \__ \   | |     |  _/  / _ \  \__ \ \__ \ | _|  | |) |
   |_|   |___| |___/   |_|     |_|   /_/ \_\ |___/ |___/ |___| |___/ 

As user I can login successfully
----------------------------------------------------------------------
]]></system-out>
  </testcase>
  <testcase name="As user I can not login using invalid username" classname="Login" time="0.087">
    <system-out><![CDATA[
Scenario: As user I can not login using invalid username &amp#27;[90m# src/test/resources/features/login.feature:12&amp#27;[0m
21:08:56.118 [main] INFO io.cucumber.core.plugin.SerenityReporter - Running feature from file:///C:/Users/Ocky/Documents/QE_Ocky-Princella/17_Behaviour%20Driven%20Development/praktikum/BDD/src/test/resources/features/login.feature
21:08:56.123 [main] INFO  - 
  _____   ___   ___   _____     ___   _____     _     ___   _____   ___   ___  
 |_   _| | __| / __| |_   _|   / __| |_   _|   /_\   | _ \ |_   _| | __| |   \ 
   | |   | _|  \__ \   | |     \__ \   | |    / _ \  |   /   | |   | _|  | |) |
   |_|   |___| |___/   |_|     |___/   |_|   /_/ \_\ |_|_\   |_|   |___| |___/ 

As user I can not login using invalid username(login;as-user-i-can-not-login-using-invalid-username)
--------------------------------------------------------------------------------
21:08:56.146 [main] DEBUG net.thucydides.core.steps.StepInterceptor - STARTING STEP: LoginSteps.onTheLoginPage - I am on login page
Sudah di halaman login
21:08:56.147 [main] DEBUG net.thucydides.core.steps.StepInterceptor - STEP DONE: I am on login page
  &amp#27;[32mGiven &amp#27;[0m&amp#27;[32mI am on login page&amp#27;[0m                               &amp#27;[90m# stepdefinitions.LoginSteps.onTheLoginPage()&amp#27;[0m
21:08:56.158 [main] DEBUG net.thucydides.core.steps.StepInterceptor - STARTING STEP: LoginSteps.enterInvalidUsernameValidPassword - I enter my invalid username and valid password
invalid username dan password
21:08:56.158 [main] DEBUG net.thucydides.core.steps.StepInterceptor - STEP DONE: I enter my invalid username and valid password
  &amp#27;[32mWhen &amp#27;[0m&amp#27;[32mI enter my invalid username and valid password&amp#27;[0m    &amp#27;[90m# stepdefinitions.LoginSteps.enterInvalidUsernameValidPassword()&amp#27;[0m
21:08:56.166 [main] DEBUG net.thucydides.core.steps.StepInterceptor - STARTING STEP: LoginSteps.clickLoginButton - I click login button
klik login button
21:08:56.167 [main] DEBUG net.thucydides.core.steps.StepInterceptor - STEP DONE: I click login button
  &amp#27;[32mAnd &amp#27;[0m&amp#27;[32mI click login button&amp#27;[0m                               &amp#27;[90m# stepdefinitions.LoginSteps.clickLoginButton()&amp#27;[0m
21:08:56.176 [main] DEBUG net.thucydides.core.steps.StepInterceptor - STARTING STEP: LoginSteps.errorNotification - error notification is appeared
Error notifikasi muncul
21:08:56.178 [main] DEBUG net.thucydides.core.steps.StepInterceptor - STEP DONE: error notification is appeared
  &amp#27;[32mThen &amp#27;[0m&amp#27;[32merror notification is appeared&amp#27;[0m                    &amp#27;[90m# stepdefinitions.LoginSteps.errorNotification()&amp#27;[0m
21:08:56.182 [main] INFO  - 
  _____   ___   ___   _____     ___     _     ___   ___   ___   ___  
 |_   _| | __| / __| |_   _|   | _ \   /_\   / __| / __| | __| |   \ 
   | |   | _|  \__ \   | |     |  _/  / _ \  \__ \ \__ \ | _|  | |) |
   |_|   |___| |___/   |_|     |_|   /_/ \_\ |___/ |___/ |___| |___/ 

As user I can not login using invalid username
----------------------------------------------------------------------
]]></system-out>
  </testcase>
  <testcase name="As user I can not login using invalid password" classname="Login" time="0.23">
    <system-out><![CDATA[
Scenario: As user I can not login using invalid password &amp#27;[90m# src/test/resources/features/login.feature:19&amp#27;[0m
21:08:56.245 [main] INFO io.cucumber.core.plugin.SerenityReporter - Running feature from file:///C:/Users/Ocky/Documents/QE_Ocky-Princella/17_Behaviour%20Driven%20Development/praktikum/BDD/src/test/resources/features/login.feature
21:08:56.250 [main] INFO  - 
  _____   ___   ___   _____     ___   _____     _     ___   _____   ___   ___  
 |_   _| | __| / __| |_   _|   / __| |_   _|   /_\   | _ \ |_   _| | __| |   \ 
   | |   | _|  \__ \   | |     \__ \   | |    / _ \  |   /   | |   | _|  | |) |
   |_|   |___| |___/   |_|     |___/   |_|   /_/ \_\ |_|_\   |_|   |___| |___/ 

As user I can not login using invalid password(login;as-user-i-can-not-login-using-invalid-password)
--------------------------------------------------------------------------------
21:08:56.297 [main] DEBUG net.thucydides.core.steps.StepInterceptor - STARTING STEP: LoginSteps.onTheLoginPage - I am on login page
Sudah di halaman login
21:08:56.298 [main] DEBUG net.thucydides.core.steps.StepInterceptor - STEP DONE: I am on login page
  &amp#27;[32mGiven &amp#27;[0m&amp#27;[32mI am on login page&amp#27;[0m                               &amp#27;[90m# stepdefinitions.LoginSteps.onTheLoginPage()&amp#27;[0m
21:08:56.380 [main] DEBUG net.thucydides.core.steps.StepInterceptor - STARTING STEP: LoginSteps.enterValidUsernameInvalidPassword - I enter my valid username and invalid password
valid username dan invalid password
21:08:56.381 [main] DEBUG net.thucydides.core.steps.StepInterceptor - STEP DONE: I enter my valid username and invalid password
  &amp#27;[32mWhen &amp#27;[0m&amp#27;[32mI enter my valid username and invalid password&amp#27;[0m    &amp#27;[90m# stepdefinitions.LoginSteps.enterValidUsernameInvalidPassword()&amp#27;[0m
21:08:56.402 [main] DEBUG net.thucydides.core.steps.StepInterceptor - STARTING STEP: LoginSteps.clickLoginButton - I click login button
klik login button
21:08:56.404 [main] DEBUG net.thucydides.core.steps.StepInterceptor - STEP DONE: I click login button
  &amp#27;[32mAnd &amp#27;[0m&amp#27;[32mI click login button&amp#27;[0m                               &amp#27;[90m# stepdefinitions.LoginSteps.clickLoginButton()&amp#27;[0m
21:08:56.411 [main] DEBUG net.thucydides.core.steps.StepInterceptor - STARTING STEP: LoginSteps.errorNotification - error notification is appeared
Error notifikasi muncul
21:08:56.412 [main] DEBUG net.thucydides.core.steps.StepInterceptor - STEP DONE: error notification is appeared
  &amp#27;[32mThen &amp#27;[0m&amp#27;[32merror notification is appeared&amp#27;[0m                    &amp#27;[90m# stepdefinitions.LoginSteps.errorNotification()&amp#27;[0m
21:08:56.416 [main] INFO  - 
  _____   ___   ___   _____     ___     _     ___   ___   ___   ___  
 |_   _| | __| / __| |_   _|   | _ \   /_\   / __| / __| | __| |   \ 
   | |   | _|  \__ \   | |     |  _/  / _ \  \__ \ \__ \ | _|  | |) |
   |_|   |___| |___/   |_|     |_|   /_/ \_\ |___/ |___/ |___| |___/ 

As user I can not login using invalid password
----------------------------------------------------------------------
]]></system-out>
  </testcase>
  <testcase name="As user I can post my status" classname="Posting text" time="0.112">
    <system-out><![CDATA[21:08:56.429 [main] INFO io.cucumber.core.plugin.SerenityReporter - Running feature from file:///C:/Users/Ocky/Documents/QE_Ocky-Princella/17_Behaviour%20Driven%20Development/praktikum/BDD/src/test/resources/features/posting.feature
21:08:56.435 [main] DEBUG net.thucydides.core.steps.StepEventBus - Test suite started for story net.thucydides.core.model.Story@53af1a72
21:08:56.437 [main] INFO  - Test Suite Started: Posting text

Scenario: As user I can post my status &amp#27;[90m# src/test/resources/features/posting.feature:6&amp#27;[0m
21:08:56.460 [main] INFO io.cucumber.core.plugin.SerenityReporter - Running feature from file:///C:/Users/Ocky/Documents/QE_Ocky-Princella/17_Behaviour%20Driven%20Development/praktikum/BDD/src/test/resources/features/posting.feature
21:08:56.464 [main] INFO  - 
  _____   ___   ___   _____     ___   _____     _     ___   _____   ___   ___  
 |_   _| | __| / __| |_   _|   / __| |_   _|   /_\   | _ \ |_   _| | __| |   \ 
   | |   | _|  \__ \   | |     \__ \   | |    / _ \  |   /   | |   | _|  | |) |
   |_|   |___| |___/   |_|     |___/   |_|   /_/ \_\ |_|_\   |_|   |___| |___/ 

As user I can post my status(posting-text;as-user-i-can-post-my-status)
--------------------------------------------------------------------------------
21:08:56.487 [main] DEBUG net.thucydides.core.steps.StepInterceptor - STARTING STEP: LoginSteps.onMyHome - I am on my home
home
21:08:56.487 [main] DEBUG net.thucydides.core.steps.StepInterceptor - STEP DONE: I am on my home
  &amp#27;[32mGiven &amp#27;[0m&amp#27;[32mI am on my home&amp#27;[0m                &amp#27;[90m# stepdefinitions.LoginSteps.onMyHome()&amp#27;[0m
21:08:56.508 [main] DEBUG net.thucydides.core.steps.StepInterceptor - STARTING STEP: posting.clickInputField - I click input field
klik input field
21:08:56.508 [main] DEBUG net.thucydides.core.steps.StepInterceptor - STEP DONE: I click input field
  &amp#27;[32mAnd &amp#27;[0m&amp#27;[32mI click input field&amp#27;[0m              &amp#27;[90m# stepdefinitions.posting.clickInputField()&amp#27;[0m
21:08:56.515 [main] DEBUG net.thucydides.core.steps.StepInterceptor - STARTING STEP: posting.typeStatus - I type my status
type status
21:08:56.515 [main] DEBUG net.thucydides.core.steps.StepInterceptor - STEP DONE: I type my status
  &amp#27;[32mWhen &amp#27;[0m&amp#27;[32mI type my status&amp#27;[0m                &amp#27;[90m# stepdefinitions.posting.typeStatus()&amp#27;[0m
21:08:56.526 [main] DEBUG net.thucydides.core.steps.StepInterceptor - STARTING STEP: posting.clickPosting - I click posting
click posting
21:08:56.527 [main] DEBUG net.thucydides.core.steps.StepInterceptor - STEP DONE: I click posting
  &amp#27;[32mAnd &amp#27;[0m&amp#27;[32mI click posting&amp#27;[0m                  &amp#27;[90m# stepdefinitions.posting.clickPosting()&amp#27;[0m
21:08:56.542 [main] DEBUG net.thucydides.core.steps.StepInterceptor - STARTING STEP: posting.statusIsPosted - my status is posted
status telah di post
21:08:56.543 [main] DEBUG net.thucydides.core.steps.StepInterceptor - STEP DONE: my status is posted
  &amp#27;[32mThen &amp#27;[0m&amp#27;[32mmy status is posted&amp#27;[0m             &amp#27;[90m# stepdefinitions.posting.statusIsPosted()&amp#27;[0m
21:08:56.547 [main] INFO  - 
  _____   ___   ___   _____     ___     _     ___   ___   ___   ___  
 |_   _| | __| / __| |_   _|   | _ \   /_\   / __| / __| | __| |   \ 
   | |   | _|  \__ \   | |     |  _/  / _ \  \__ \ \__ \ | _|  | |) |
   |_|   |___| |___/   |_|     |_|   /_/ \_\ |___/ |___/ |___| |___/ 

As user I can post my status
----------------------------------------------------------------------
]]></system-out>
  </testcase>
  <testcase name="As user I can delete my search history" classname="Search" time="0.163">
    <system-out><![CDATA[21:08:56.554 [main] INFO io.cucumber.core.plugin.SerenityReporter - Running feature from file:///C:/Users/Ocky/Documents/QE_Ocky-Princella/17_Behaviour%20Driven%20Development/praktikum/BDD/src/test/resources/features/search.feature
21:08:56.559 [main] DEBUG net.thucydides.core.steps.StepEventBus - Test suite started for story net.thucydides.core.model.Story@62191808
21:08:56.560 [main] INFO  - Test Suite Started: Search

Scenario: As user I can delete my search history &amp#27;[90m# src/test/resources/features/search.feature:6&amp#27;[0m
21:08:56.591 [main] INFO io.cucumber.core.plugin.SerenityReporter - Running feature from file:///C:/Users/Ocky/Documents/QE_Ocky-Princella/17_Behaviour%20Driven%20Development/praktikum/BDD/src/test/resources/features/search.feature
21:08:56.595 [main] INFO  - 
  _____   ___   ___   _____     ___   _____     _     ___   _____   ___   ___  
 |_   _| | __| / __| |_   _|   / __| |_   _|   /_\   | _ \ |_   _| | __| |   \ 
   | |   | _|  \__ \   | |     \__ \   | |    / _ \  |   /   | |   | _|  | |) |
   |_|   |___| |___/   |_|     |___/   |_|   /_/ \_\ |_|_\   |_|   |___| |___/ 

As user I can delete my search history(search;as-user-i-can-delete-my-search-history)
--------------------------------------------------------------------------------
21:08:56.614 [main] DEBUG net.thucydides.core.steps.StepInterceptor - STARTING STEP: LoginSteps.onMyHome - I am on my home
home
21:08:56.614 [main] DEBUG net.thucydides.core.steps.StepInterceptor - STEP DONE: I am on my home
  &amp#27;[32mGiven &amp#27;[0m&amp#27;[32mI am on my home&amp#27;[0m                          &amp#27;[90m# stepdefinitions.LoginSteps.onMyHome()&amp#27;[0m
21:08:56.657 [main] DEBUG net.thucydides.core.steps.StepInterceptor - STARTING STEP: searchSteps.clickSearchBar - I click search bar
Klik search bar
21:08:56.657 [main] DEBUG net.thucydides.core.steps.StepInterceptor - STEP DONE: I click search bar
  &amp#27;[32mAnd &amp#27;[0m&amp#27;[32mI click search bar&amp#27;[0m                         &amp#27;[90m# stepdefinitions.searchSteps.clickSearchBar()&amp#27;[0m
21:08:56.665 [main] DEBUG net.thucydides.core.steps.StepInterceptor - STARTING STEP: searchSteps.searchHistoryAppeared - my search histories are appeared
Riwayat pencarian muncul
21:08:56.665 [main] DEBUG net.thucydides.core.steps.StepInterceptor - STEP DONE: my search histories are appeared
  &amp#27;[32mWhen &amp#27;[0m&amp#27;[32mmy search histories are appeared&amp#27;[0m          &amp#27;[90m# stepdefinitions.searchSteps.searchHistoryAppeared()&amp#27;[0m
21:08:56.673 [main] DEBUG net.thucydides.core.steps.StepInterceptor - STARTING STEP: searchSteps.clickDeleteHistory - I click delete history
Klik delete history
21:08:56.674 [main] DEBUG net.thucydides.core.steps.StepInterceptor - STEP DONE: I click delete history
  &amp#27;[32mAnd &amp#27;[0m&amp#27;[32mI click delete history&amp#27;[0m                     &amp#27;[90m# stepdefinitions.searchSteps.clickDeleteHistory()&amp#27;[0m
21:08:56.684 [main] DEBUG net.thucydides.core.steps.StepInterceptor - STARTING STEP: searchSteps.popUpAppeared - validation pop up will be appeared
Muncul pop up validasi
21:08:56.684 [main] DEBUG net.thucydides.core.steps.StepInterceptor - STEP DONE: validation pop up will be appeared
  &amp#27;[32mAnd &amp#27;[0m&amp#27;[32mvalidation pop up will be appeared&amp#27;[0m         &amp#27;[90m# stepdefinitions.searchSteps.popUpAppeared()&amp#27;[0m
21:08:56.702 [main] DEBUG net.thucydides.core.steps.StepInterceptor - STARTING STEP: searchSteps.clickDeleteHistoryPopUp - I click delete history on pop up
Klik hapus riwayat pada pop up
21:08:56.702 [main] DEBUG net.thucydides.core.steps.StepInterceptor - STEP DONE: I click delete history on pop up
  &amp#27;[32mAnd &amp#27;[0m&amp#27;[32mI click delete history on pop up&amp#27;[0m           &amp#27;[90m# stepdefinitions.searchSteps.clickDeleteHistoryPopUp()&amp#27;[0m
21:08:56.718 [main] DEBUG net.thucydides.core.steps.StepInterceptor - STARTING STEP: searchSteps.HmyHistoryDeleted - my histories are deleted
Riwayat pencarian terhapus
21:08:56.719 [main] DEBUG net.thucydides.core.steps.StepInterceptor - STEP DONE: my histories are deleted
  &amp#27;[32mThen &amp#27;[0m&amp#27;[32mmy histories are deleted&amp#27;[0m                  &amp#27;[90m# stepdefinitions.searchSteps.HmyHistoryDeleted()&amp#27;[0m
21:08:56.724 [main] INFO  - 
  _____   ___   ___   _____     ___     _     ___   ___   ___   ___  
 |_   _| | __| / __| |_   _|   | _ \   /_\   / __| / __| | __| |   \ 
   | |   | _|  \__ \   | |     |  _/  / _ \  \__ \ \__ \ | _|  | |) |
   |_|   |___| |___/   |_|     |_|   /_/ \_\ |___/ |___/ |___| |___/ 

As user I can delete my search history
----------------------------------------------------------------------
]]></system-out>
  </testcase>
</testsuite>